c:\users\ramsey\documents\github\roguelike\roguelike\debug\vc120.pdb
c:\users\ramsey\documents\github\roguelike\roguelike\debug\vc120.idb
c:\users\ramsey\documents\github\roguelike\roguelike\debug\block.nativecodeanalysis.xml
c:\users\ramsey\documents\github\roguelike\roguelike\debug\character.nativecodeanalysis.xml
c:\users\ramsey\documents\github\roguelike\roguelike\debug\enemy.nativecodeanalysis.xml
c:\users\ramsey\documents\github\roguelike\roguelike\debug\graphics.nativecodeanalysis.xml
c:\users\ramsey\documents\github\roguelike\roguelike\debug\map.nativecodeanalysis.xml
c:\users\ramsey\documents\github\roguelike\roguelike\debug\play.nativecodeanalysis.xml
c:\users\ramsey\documents\github\roguelike\roguelike\debug\player.nativecodeanalysis.xml
c:\users\ramsey\documents\github\roguelike\roguelike\debug\point.nativecodeanalysis.xml
c:\users\ramsey\documents\github\roguelike\roguelike\debug\tile.nativecodeanalysis.xml
c:\users\ramsey\documents\github\roguelike\roguelike\debug\tile.obj
c:\users\ramsey\documents\github\roguelike\roguelike\debug\point.obj
c:\users\ramsey\documents\github\roguelike\roguelike\debug\player.obj
c:\users\ramsey\documents\github\roguelike\roguelike\debug\play.obj
c:\users\ramsey\documents\github\roguelike\roguelike\debug\map.obj
c:\users\ramsey\documents\github\roguelike\roguelike\debug\graphics.obj
c:\users\ramsey\documents\github\roguelike\roguelike\debug\enemy.obj
c:\users\ramsey\documents\github\roguelike\roguelike\debug\character.obj
c:\users\ramsey\documents\github\roguelike\roguelike\debug\block.obj
c:\users\ramsey\documents\github\roguelike\debug\roguelike.ilk
c:\users\ramsey\documents\github\roguelike\debug\roguelike.exe
c:\users\ramsey\documents\github\roguelike\debug\roguelike.pdb
c:\users\ramsey\documents\github\roguelike\roguelike\debug\nativecodeanalysis.read.1.tlog
c:\users\ramsey\documents\github\roguelike\roguelike\debug\vc.nativecodeanalysis.all.xml
c:\users\ramsey\documents\github\roguelike\debug\roguelike.exe.lastcodeanalysissucceeded
c:\users\ramsey\documents\github\roguelike\roguelike\debug\roguelike.tlog\cl.command.1.tlog
c:\users\ramsey\documents\github\roguelike\roguelike\debug\roguelike.tlog\cl.read.1.tlog
c:\users\ramsey\documents\github\roguelike\roguelike\debug\roguelike.tlog\cl.write.1.tlog
c:\users\ramsey\documents\github\roguelike\roguelike\debug\roguelike.tlog\link.command.1.tlog
c:\users\ramsey\documents\github\roguelike\roguelike\debug\roguelike.tlog\link.read.1.tlog
c:\users\ramsey\documents\github\roguelike\roguelike\debug\roguelike.tlog\link.write.1.tlog
